1722839728.330237 client started (486538): version 3.2a, socket /tmp/tmux-1000/default, protocol 8
1722839728.330258 on Linux 5.15.0-113-generic #123-Ubuntu SMP Mon Jun 10 08:16:17 UTC 2024
1722839728.330261 using libevent 2.1.12-stable (poll); ncurses 6.3
1722839728.330277 flags are 0x18010000
1722839728.330280 socket is /tmp/tmux-1000/default
1722839728.330289 trying connect
1722839728.330305 connect failed: Connection refused
1722839728.330313 lock file is /tmp/tmux-1000/default.lock
1722839728.330333 flock succeeded
1722839728.330336 got lock (6)
1722839728.330341 trying connect
1722839728.330347 connect failed: Connection refused
1722839728.330515 add peer 0x55f9ae985f10: 7 ((nil))
1722839728.330816 sending message 100 to peer 0x55f9ae985f10 (4 bytes)
1722839728.330821 sending message 111 to peer 0x55f9ae985f10 (8 bytes)
1722839728.330825 sending message 101 to peer 0x55f9ae985f10 (15 bytes)
1722839728.330827 sending message 109 to peer 0x55f9ae985f10 (4 bytes)
1722839728.330830 sending message 102 to peer 0x55f9ae985f10 (11 bytes)
1722839728.330833 sending message 108 to peer 0x55f9ae985f10 (47 bytes)
1722839728.330836 sending message 112 to peer 0x55f9ae985f10 (58 bytes)
1722839728.330839 sending message 112 to peer 0x55f9ae985f10 (5 bytes)
1722839728.330842 sending message 112 to peer 0x55f9ae985f10 (5 bytes)
1722839728.330845 sending message 112 to peer 0x55f9ae985f10 (6 bytes)
1722839728.330848 sending message 112 to peer 0x55f9ae985f10 (6 bytes)
1722839728.330851 sending message 112 to peer 0x55f9ae985f10 (11 bytes)
1722839728.330854 sending message 112 to peer 0x55f9ae985f10 (10 bytes)
1722839728.330857 sending message 112 to peer 0x55f9ae985f10 (13 bytes)
1722839728.330859 sending message 112 to peer 0x55f9ae985f10 (14 bytes)
1722839728.330862 sending message 112 to peer 0x55f9ae985f10 (19 bytes)
1722839728.330865 sending message 112 to peer 0x55f9ae985f10 (11 bytes)
1722839728.330868 sending message 112 to peer 0x55f9ae985f10 (10 bytes)
1722839728.330871 sending message 112 to peer 0x55f9ae985f10 (15 bytes)
1722839728.330874 sending message 112 to peer 0x55f9ae985f10 (21 bytes)
1722839728.330876 sending message 112 to peer 0x55f9ae985f10 (13 bytes)
1722839728.330879 sending message 112 to peer 0x55f9ae985f10 (7 bytes)
1722839728.330882 sending message 112 to peer 0x55f9ae985f10 (13 bytes)
1722839728.330885 sending message 112 to peer 0x55f9ae985f10 (7 bytes)
1722839728.330888 sending message 112 to peer 0x55f9ae985f10 (13 bytes)
1722839728.330891 sending message 112 to peer 0x55f9ae985f10 (9 bytes)
1722839728.330894 sending message 112 to peer 0x55f9ae985f10 (21 bytes)
1722839728.330897 sending message 112 to peer 0x55f9ae985f10 (13 bytes)
1722839728.330900 sending message 112 to peer 0x55f9ae985f10 (9 bytes)
1722839728.330903 sending message 112 to peer 0x55f9ae985f10 (16 bytes)
1722839728.330906 sending message 112 to peer 0x55f9ae985f10 (13 bytes)
1722839728.330909 sending message 112 to peer 0x55f9ae985f10 (9 bytes)
1722839728.330912 sending message 112 to peer 0x55f9ae985f10 (9 bytes)
1722839728.330914 sending message 112 to peer 0x55f9ae985f10 (12 bytes)
1722839728.330917 sending message 112 to peer 0x55f9ae985f10 (8 bytes)
1722839728.330920 sending message 112 to peer 0x55f9ae985f10 (8 bytes)
1722839728.330923 sending message 112 to peer 0x55f9ae985f10 (13 bytes)
1722839728.330926 sending message 112 to peer 0x55f9ae985f10 (7 bytes)
1722839728.330929 sending message 112 to peer 0x55f9ae985f10 (7 bytes)
1722839728.330932 sending message 112 to peer 0x55f9ae985f10 (9 bytes)
1722839728.330935 sending message 112 to peer 0x55f9ae985f10 (9 bytes)
1722839728.330937 sending message 112 to peer 0x55f9ae985f10 (15 bytes)
1722839728.330940 sending message 112 to peer 0x55f9ae985f10 (13 bytes)
1722839728.330943 sending message 112 to peer 0x55f9ae985f10 (12 bytes)
1722839728.330946 sending message 112 to peer 0x55f9ae985f10 (8 bytes)
1722839728.330949 sending message 112 to peer 0x55f9ae985f10 (14 bytes)
1722839728.330952 sending message 112 to peer 0x55f9ae985f10 (11 bytes)
1722839728.330954 sending message 112 to peer 0x55f9ae985f10 (9 bytes)
1722839728.330962 sending message 112 to peer 0x55f9ae985f10 (10 bytes)
1722839728.330965 sending message 112 to peer 0x55f9ae985f10 (10 bytes)
1722839728.330968 sending message 112 to peer 0x55f9ae985f10 (10 bytes)
1722839728.330971 sending message 112 to peer 0x55f9ae985f10 (10 bytes)
1722839728.330974 sending message 112 to peer 0x55f9ae985f10 (11 bytes)
1722839728.330977 sending message 112 to peer 0x55f9ae985f10 (12 bytes)
1722839728.330980 sending message 112 to peer 0x55f9ae985f10 (12 bytes)
1722839728.330983 sending message 112 to peer 0x55f9ae985f10 (12 bytes)
1722839728.330986 sending message 112 to peer 0x55f9ae985f10 (12 bytes)
1722839728.330989 sending message 112 to peer 0x55f9ae985f10 (12 bytes)
1722839728.330991 sending message 112 to peer 0x55f9ae985f10 (11 bytes)
1722839728.330994 sending message 112 to peer 0x55f9ae985f10 (11 bytes)
1722839728.330997 sending message 112 to peer 0x55f9ae985f10 (12 bytes)
1722839728.331000 sending message 112 to peer 0x55f9ae985f10 (12 bytes)
1722839728.331003 sending message 112 to peer 0x55f9ae985f10 (12 bytes)
1722839728.331006 sending message 112 to peer 0x55f9ae985f10 (12 bytes)
1722839728.331009 sending message 112 to peer 0x55f9ae985f10 (12 bytes)
1722839728.331011 sending message 112 to peer 0x55f9ae985f10 (9 bytes)
1722839728.331014 sending message 112 to peer 0x55f9ae985f10 (12 bytes)
1722839728.331017 sending message 112 to peer 0x55f9ae985f10 (13 bytes)
1722839728.331020 sending message 112 to peer 0x55f9ae985f10 (13 bytes)
1722839728.331023 sending message 112 to peer 0x55f9ae985f10 (13 bytes)
1722839728.331025 sending message 112 to peer 0x55f9ae985f10 (13 bytes)
1722839728.331028 sending message 112 to peer 0x55f9ae985f10 (13 bytes)
1722839728.331031 sending message 112 to peer 0x55f9ae985f10 (8 bytes)
1722839728.331034 sending message 112 to peer 0x55f9ae985f10 (11 bytes)
1722839728.331037 sending message 112 to peer 0x55f9ae985f10 (11 bytes)
1722839728.331040 sending message 112 to peer 0x55f9ae985f10 (11 bytes)
1722839728.331043 sending message 112 to peer 0x55f9ae985f10 (12 bytes)
1722839728.331045 sending message 112 to peer 0x55f9ae985f10 (12 bytes)
1722839728.331048 sending message 112 to peer 0x55f9ae985f10 (12 bytes)
1722839728.331051 sending message 112 to peer 0x55f9ae985f10 (12 bytes)
1722839728.331054 sending message 112 to peer 0x55f9ae985f10 (13 bytes)
1722839728.331057 sending message 112 to peer 0x55f9ae985f10 (13 bytes)
1722839728.331060 sending message 112 to peer 0x55f9ae985f10 (13 bytes)
1722839728.331063 sending message 112 to peer 0x55f9ae985f10 (8 bytes)
1722839728.331066 sending message 112 to peer 0x55f9ae985f10 (13 bytes)
1722839728.331069 sending message 112 to peer 0x55f9ae985f10 (13 bytes)
1722839728.331072 sending message 112 to peer 0x55f9ae985f10 (13 bytes)
1722839728.331074 sending message 112 to peer 0x55f9ae985f10 (13 bytes)
1722839728.331077 sending message 112 to peer 0x55f9ae985f10 (13 bytes)
1722839728.331080 sending message 112 to peer 0x55f9ae985f10 (12 bytes)
1722839728.331083 sending message 112 to peer 0x55f9ae985f10 (12 bytes)
1722839728.331085 sending message 112 to peer 0x55f9ae985f10 (12 bytes)
1722839728.331088 sending message 112 to peer 0x55f9ae985f10 (12 bytes)
1722839728.331091 sending message 112 to peer 0x55f9ae985f10 (13 bytes)
1722839728.331094 sending message 112 to peer 0x55f9ae985f10 (8 bytes)
1722839728.331097 sending message 112 to peer 0x55f9ae985f10 (13 bytes)
1722839728.331100 sending message 112 to peer 0x55f9ae985f10 (13 bytes)
1722839728.331103 sending message 112 to peer 0x55f9ae985f10 (13 bytes)
1722839728.331106 sending message 112 to peer 0x55f9ae985f10 (13 bytes)
1722839728.331109 sending message 112 to peer 0x55f9ae985f10 (13 bytes)
1722839728.331112 sending message 112 to peer 0x55f9ae985f10 (13 bytes)
1722839728.331115 sending message 112 to peer 0x55f9ae985f10 (13 bytes)
1722839728.331117 sending message 112 to peer 0x55f9ae985f10 (12 bytes)
1722839728.331120 sending message 112 to peer 0x55f9ae985f10 (12 bytes)
1722839728.331123 sending message 112 to peer 0x55f9ae985f10 (12 bytes)
1722839728.331129 sending message 112 to peer 0x55f9ae985f10 (8 bytes)
1722839728.331132 sending message 112 to peer 0x55f9ae985f10 (12 bytes)
1722839728.331135 sending message 112 to peer 0x55f9ae985f10 (13 bytes)
1722839728.331138 sending message 112 to peer 0x55f9ae985f10 (13 bytes)
1722839728.331141 sending message 112 to peer 0x55f9ae985f10 (13 bytes)
1722839728.331144 sending message 112 to peer 0x55f9ae985f10 (13 bytes)
1722839728.331147 sending message 112 to peer 0x55f9ae985f10 (13 bytes)
1722839728.331150 sending message 112 to peer 0x55f9ae985f10 (13 bytes)
1722839728.331153 sending message 112 to peer 0x55f9ae985f10 (13 bytes)
1722839728.331155 sending message 112 to peer 0x55f9ae985f10 (13 bytes)
1722839728.331158 sending message 112 to peer 0x55f9ae985f10 (12 bytes)
1722839728.331161 sending message 112 to peer 0x55f9ae985f10 (10 bytes)
1722839728.331164 sending message 112 to peer 0x55f9ae985f10 (12 bytes)
1722839728.331167 sending message 112 to peer 0x55f9ae985f10 (12 bytes)
1722839728.331170 sending message 112 to peer 0x55f9ae985f10 (12 bytes)
1722839728.331173 sending message 112 to peer 0x55f9ae985f10 (13 bytes)
1722839728.331176 sending message 112 to peer 0x55f9ae985f10 (13 bytes)
1722839728.331179 sending message 112 to peer 0x55f9ae985f10 (13 bytes)
1722839728.331181 sending message 112 to peer 0x55f9ae985f10 (13 bytes)
1722839728.331184 sending message 112 to peer 0x55f9ae985f10 (13 bytes)
1722839728.331187 sending message 112 to peer 0x55f9ae985f10 (13 bytes)
1722839728.331190 sending message 112 to peer 0x55f9ae985f10 (13 bytes)
1722839728.331193 sending message 112 to peer 0x55f9ae985f10 (10 bytes)
1722839728.331196 sending message 112 to peer 0x55f9ae985f10 (13 bytes)
1722839728.331199 sending message 112 to peer 0x55f9ae985f10 (12 bytes)
1722839728.331202 sending message 112 to peer 0x55f9ae985f10 (12 bytes)
1722839728.331205 sending message 112 to peer 0x55f9ae985f10 (12 bytes)
1722839728.331207 sending message 112 to peer 0x55f9ae985f10 (10 bytes)
1722839728.331210 sending message 112 to peer 0x55f9ae985f10 (10 bytes)
1722839728.331213 sending message 112 to peer 0x55f9ae985f10 (10 bytes)
1722839728.331216 sending message 112 to peer 0x55f9ae985f10 (12 bytes)
1722839728.331219 sending message 112 to peer 0x55f9ae985f10 (13 bytes)
1722839728.331222 sending message 112 to peer 0x55f9ae985f10 (13 bytes)
1722839728.331224 sending message 112 to peer 0x55f9ae985f10 (13 bytes)
1722839728.331227 sending message 112 to peer 0x55f9ae985f10 (13 bytes)
1722839728.331230 sending message 112 to peer 0x55f9ae985f10 (13 bytes)
1722839728.331233 sending message 112 to peer 0x55f9ae985f10 (10 bytes)
1722839728.331236 sending message 112 to peer 0x55f9ae985f10 (11 bytes)
1722839728.331239 sending message 112 to peer 0x55f9ae985f10 (12 bytes)
1722839728.331242 sending message 112 to peer 0x55f9ae985f10 (12 bytes)
1722839728.331244 sending message 112 to peer 0x55f9ae985f10 (12 bytes)
1722839728.331247 sending message 112 to peer 0x55f9ae985f10 (12 bytes)
1722839728.331250 sending message 112 to peer 0x55f9ae985f10 (12 bytes)
1722839728.331253 sending message 112 to peer 0x55f9ae985f10 (11 bytes)
1722839728.331256 sending message 112 to peer 0x55f9ae985f10 (12 bytes)
1722839728.331259 sending message 112 to peer 0x55f9ae985f10 (12 bytes)
1722839728.331262 sending message 112 to peer 0x55f9ae985f10 (13 bytes)
1722839728.331265 sending message 112 to peer 0x55f9ae985f10 (13 bytes)
1722839728.331268 sending message 112 to peer 0x55f9ae985f10 (13 bytes)
1722839728.331271 sending message 112 to peer 0x55f9ae985f10 (13 bytes)
1722839728.331274 sending message 112 to peer 0x55f9ae985f10 (13 bytes)
1722839728.331276 sending message 112 to peer 0x55f9ae985f10 (10 bytes)
1722839728.331279 sending message 112 to peer 0x55f9ae985f10 (9 bytes)
1722839728.331282 sending message 112 to peer 0x55f9ae985f10 (12 bytes)
1722839728.331285 sending message 112 to peer 0x55f9ae985f10 (13 bytes)
1722839728.331288 sending message 112 to peer 0x55f9ae985f10 (13 bytes)
1722839728.331291 sending message 112 to peer 0x55f9ae985f10 (13 bytes)
1722839728.331296 sending message 112 to peer 0x55f9ae985f10 (13 bytes)
1722839728.331299 sending message 112 to peer 0x55f9ae985f10 (13 bytes)
1722839728.331302 sending message 112 to peer 0x55f9ae985f10 (9 bytes)
1722839728.331305 sending message 112 to peer 0x55f9ae985f10 (12 bytes)
1722839728.331316 sending message 112 to peer 0x55f9ae985f10 (13 bytes)
1722839728.331321 sending message 112 to peer 0x55f9ae985f10 (13 bytes)
1722839728.331324 sending message 112 to peer 0x55f9ae985f10 (13 bytes)
1722839728.331327 sending message 112 to peer 0x55f9ae985f10 (13 bytes)
1722839728.331330 sending message 112 to peer 0x55f9ae985f10 (13 bytes)
1722839728.331333 sending message 112 to peer 0x55f9ae985f10 (11 bytes)
1722839728.331336 sending message 112 to peer 0x55f9ae985f10 (12 bytes)
1722839728.331339 sending message 112 to peer 0x55f9ae985f10 (13 bytes)
1722839728.331342 sending message 112 to peer 0x55f9ae985f10 (13 bytes)
1722839728.331345 sending message 112 to peer 0x55f9ae985f10 (13 bytes)
1722839728.331348 sending message 112 to peer 0x55f9ae985f10 (13 bytes)
1722839728.331351 sending message 112 to peer 0x55f9ae985f10 (13 bytes)
1722839728.331354 sending message 112 to peer 0x55f9ae985f10 (11 bytes)
1722839728.331357 sending message 112 to peer 0x55f9ae985f10 (12 bytes)
1722839728.331359 sending message 112 to peer 0x55f9ae985f10 (12 bytes)
1722839728.331362 sending message 112 to peer 0x55f9ae985f10 (12 bytes)
1722839728.331365 sending message 112 to peer 0x55f9ae985f10 (12 bytes)
1722839728.331368 sending message 112 to peer 0x55f9ae985f10 (12 bytes)
1722839728.331371 sending message 112 to peer 0x55f9ae985f10 (21 bytes)
1722839728.331374 sending message 112 to peer 0x55f9ae985f10 (12 bytes)
1722839728.331376 sending message 112 to peer 0x55f9ae985f10 (9 bytes)
1722839728.331380 sending message 112 to peer 0x55f9ae985f10 (6 bytes)
1722839728.331382 sending message 112 to peer 0x55f9ae985f10 (13 bytes)
1722839728.331385 sending message 112 to peer 0x55f9ae985f10 (10 bytes)
1722839728.331388 sending message 112 to peer 0x55f9ae985f10 (24 bytes)
1722839728.331391 sending message 112 to peer 0x55f9ae985f10 (13 bytes)
1722839728.331394 sending message 112 to peer 0x55f9ae985f10 (9 bytes)
1722839728.331397 sending message 112 to peer 0x55f9ae985f10 (70 bytes)
1722839728.331400 sending message 112 to peer 0x55f9ae985f10 (69 bytes)
1722839728.331404 sending message 112 to peer 0x55f9ae985f10 (12 bytes)
1722839728.331407 sending message 112 to peer 0x55f9ae985f10 (10 bytes)
1722839728.331410 sending message 112 to peer 0x55f9ae985f10 (10 bytes)
1722839728.331413 sending message 112 to peer 0x55f9ae985f10 (24 bytes)
1722839728.331416 sending message 112 to peer 0x55f9ae985f10 (13 bytes)
1722839728.331419 sending message 112 to peer 0x55f9ae985f10 (10 bytes)
1722839728.331422 sending message 112 to peer 0x55f9ae985f10 (10 bytes)
1722839728.331425 sending message 112 to peer 0x55f9ae985f10 (10 bytes)
1722839728.331427 sending message 112 to peer 0x55f9ae985f10 (13 bytes)
1722839728.331430 sending message 112 to peer 0x55f9ae985f10 (15 bytes)
1722839728.331433 sending message 112 to peer 0x55f9ae985f10 (5 bytes)
1722839728.331437 sending message 104 to peer 0x55f9ae985f10 (0 bytes)
1722839728.331440 sending message 110 to peer 0x55f9ae985f10 (0 bytes)
1722839728.331444 sending message 107 to peer 0x55f9ae985f10 (4 bytes)
1722839728.331447 sending message 105 to peer 0x55f9ae985f10 (16 bytes)
1722839728.331450 sending message 105 to peer 0x55f9ae985f10 (90 bytes)
1722839728.331453 sending message 105 to peer 0x55f9ae985f10 (19 bytes)
1722839728.331456 sending message 105 to peer 0x55f9ae985f10 (20 bytes)
1722839728.331459 sending message 105 to peer 0x55f9ae985f10 (45 bytes)
1722839728.331462 sending message 105 to peer 0x55f9ae985f10 (33 bytes)
1722839728.331464 sending message 105 to peer 0x55f9ae985f10 (59 bytes)
1722839728.331467 sending message 105 to peer 0x55f9ae985f10 (23 bytes)
1722839728.331470 sending message 105 to peer 0x55f9ae985f10 (44 bytes)
1722839728.331473 sending message 105 to peer 0x55f9ae985f10 (19 bytes)
1722839728.331478 sending message 105 to peer 0x55f9ae985f10 (40 bytes)
1722839728.331481 sending message 105 to peer 0x55f9ae985f10 (7 bytes)
1722839728.331484 sending message 105 to peer 0x55f9ae985f10 (54 bytes)
1722839728.331487 sending message 105 to peer 0x55f9ae985f10 (23 bytes)
1722839728.331490 sending message 105 to peer 0x55f9ae985f10 (32 bytes)
1722839728.331493 sending message 105 to peer 0x55f9ae985f10 (20 bytes)
1722839728.331496 sending message 105 to peer 0x55f9ae985f10 (41 bytes)
1722839728.331499 sending message 105 to peer 0x55f9ae985f10 (20 bytes)
1722839728.331502 sending message 105 to peer 0x55f9ae985f10 (23 bytes)
1722839728.331505 sending message 105 to peer 0x55f9ae985f10 (24 bytes)
1722839728.331508 sending message 105 to peer 0x55f9ae985f10 (28 bytes)
1722839728.331511 sending message 105 to peer 0x55f9ae985f10 (51 bytes)
1722839728.331514 sending message 105 to peer 0x55f9ae985f10 (12 bytes)
1722839728.331517 sending message 105 to peer 0x55f9ae985f10 (27 bytes)
1722839728.331520 sending message 105 to peer 0x55f9ae985f10 (21 bytes)
1722839728.331523 sending message 105 to peer 0x55f9ae985f10 (33 bytes)
1722839728.331526 sending message 105 to peer 0x55f9ae985f10 (52 bytes)
1722839728.331529 sending message 105 to peer 0x55f9ae985f10 (22 bytes)
1722839728.331531 sending message 105 to peer 0x55f9ae985f10 (41 bytes)
1722839728.331534 sending message 105 to peer 0x55f9ae985f10 (13 bytes)
1722839728.331537 sending message 105 to peer 0x55f9ae985f10 (15 bytes)
1722839728.331540 sending message 105 to peer 0x55f9ae985f10 (13 bytes)
1722839728.331543 sending message 105 to peer 0x55f9ae985f10 (18 bytes)
1722839728.331546 sending message 105 to peer 0x55f9ae985f10 (21 bytes)
1722839728.331549 sending message 105 to peer 0x55f9ae985f10 (17 bytes)
1722839728.331552 sending message 105 to peer 0x55f9ae985f10 (1519 bytes)
1722839728.331558 sending message 105 to peer 0x55f9ae985f10 (33 bytes)
1722839728.331560 sending message 105 to peer 0x55f9ae985f10 (17 bytes)
1722839728.331563 sending message 105 to peer 0x55f9ae985f10 (30 bytes)
1722839728.331566 sending message 105 to peer 0x55f9ae985f10 (86 bytes)
1722839728.331569 sending message 105 to peer 0x55f9ae985f10 (23 bytes)
1722839728.331572 sending message 105 to peer 0x55f9ae985f10 (34 bytes)
1722839728.331575 sending message 105 to peer 0x55f9ae985f10 (23 bytes)
1722839728.331577 sending message 105 to peer 0x55f9ae985f10 (20 bytes)
1722839728.331580 sending message 105 to peer 0x55f9ae985f10 (30 bytes)
1722839728.331583 sending message 105 to peer 0x55f9ae985f10 (11 bytes)
1722839728.331586 sending message 105 to peer 0x55f9ae985f10 (51 bytes)
1722839728.331589 sending message 105 to peer 0x55f9ae985f10 (32 bytes)
1722839728.331591 sending message 105 to peer 0x55f9ae985f10 (9 bytes)
1722839728.331594 sending message 105 to peer 0x55f9ae985f10 (31 bytes)
1722839728.331597 sending message 105 to peer 0x55f9ae985f10 (14 bytes)
1722839728.331600 sending message 105 to peer 0x55f9ae985f10 (11 bytes)
1722839728.331602 sending message 105 to peer 0x55f9ae985f10 (8 bytes)
1722839728.331605 sending message 105 to peer 0x55f9ae985f10 (14 bytes)
1722839728.331608 sending message 105 to peer 0x55f9ae985f10 (25 bytes)
1722839728.331611 sending message 105 to peer 0x55f9ae985f10 (18 bytes)
1722839728.331614 sending message 105 to peer 0x55f9ae985f10 (27 bytes)
1722839728.331616 sending message 105 to peer 0x55f9ae985f10 (17 bytes)
1722839728.331619 sending message 105 to peer 0x55f9ae985f10 (48 bytes)
1722839728.331622 sending message 105 to peer 0x55f9ae985f10 (31 bytes)
1722839728.331625 sending message 105 to peer 0x55f9ae985f10 (23 bytes)
1722839728.331628 sending message 105 to peer 0x55f9ae985f10 (20 bytes)
1722839728.331630 sending message 105 to peer 0x55f9ae985f10 (102 bytes)
1722839728.331633 sending message 105 to peer 0x55f9ae985f10 (334 bytes)
1722839728.331636 sending message 105 to peer 0x55f9ae985f10 (18 bytes)
1722839728.331639 sending message 105 to peer 0x55f9ae985f10 (54 bytes)
1722839728.331642 sending message 105 to peer 0x55f9ae985f10 (50 bytes)
1722839728.331648 sending message 105 to peer 0x55f9ae985f10 (23 bytes)
1722839728.331651 sending message 105 to peer 0x55f9ae985f10 (31 bytes)
1722839728.331654 sending message 105 to peer 0x55f9ae985f10 (16 bytes)
1722839728.331657 sending message 106 to peer 0x55f9ae985f10 (0 bytes)
1722839728.331665 sending message 200 to peer 0x55f9ae985f10 (4 bytes)
1722839728.331668 client loop enter
1722839728.331703 client_signal: Child exited
1722839728.386006 peer 0x55f9ae985f10 message 207
1722839728.386021 sending message 208 to peer 0x55f9ae985f10 (0 bytes)
1722839799.692371 peer 0x55f9ae985f10 message 203
1722839799.692385 sending message 205 to peer 0x55f9ae985f10 (0 bytes)
1722839799.693189 peer 0x55f9ae985f10 message 204
1722839799.693198 client loop exit
